[    0.000000] Linux version 4.15.0-72-generic (buildd@lcy01-amd64-026) (gcc version 7.4.0 (Ubuntu 7.4.0-1ubuntu1~18.04.1)) #81-Ubuntu SMP Tue Nov 26 12:20:02 UTC 2019 (Ubuntu 4.15.0-72.81-generic 4.15.18)
[    0.000000] Command line: BOOT_IMAGE=/boot/vmlinuz-4.15.0-72-generic root=LABEL=cloudimg-rootfs ro console=tty1 console=ttyS0
[    0.000000] KERNEL supported cpus:
[    0.000000]   Intel GenuineIntel
[    0.000000]   AMD AuthenticAMD
[    0.000000]   Centaur CentaurHauls
[    0.000000] x86/fpu: Supporting XSAVE feature 0x001: 'x87 floating point registers'
[    0.000000] x86/fpu: Supporting XSAVE feature 0x002: 'SSE registers'
[    0.000000] x86/fpu: Supporting XSAVE feature 0x004: 'AVX registers'
[    0.000000] x86/fpu: xstate_offset[2]:  576, xstate_sizes[2]:  256
[    0.000000] x86/fpu: Enabled xstate features 0x7, context size is 832 bytes, using 'standard' format.
[    0.000000] e820: BIOS-provided physical RAM map:
[    0.000000] BIOS-e820: [mem 0x0000000000000000-0x000000000009fbff] usable
[    0.000000] BIOS-e820: [mem 0x000000000009fc00-0x000000000009ffff] reserved
[    0.000000] BIOS-e820: [mem 0x00000000000f0000-0x00000000000fffff] reserved
[    0.000000] BIOS-e820: [mem 0x0000000000100000-0x000000000f7effff] usable
[    0.000000] BIOS-e820: [mem 0x000000000f7f0000-0x000000000f7fffff] ACPI data
[    0.000000] BIOS-e820: [mem 0x00000000fec00000-0x00000000fec00fff] reserved
[    0.000000] BIOS-e820: [mem 0x00000000fee00000-0x00000000fee00fff] reserved
[    0.000000] BIOS-e820: [mem 0x00000000fffc0000-0x00000000ffffffff] reserved
[    0.000000] NX (Execute Disable) protection: active
[    0.000000] SMBIOS 2.5 present.
[    0.000000] DMI: innotek GmbH VirtualBox/VirtualBox, BIOS VirtualBox 12/01/2006
[    0.000000] Hypervisor detected: KVM
[    0.000000] e820: last_pfn = 0xf7f0 max_arch_pfn = 0x400000000
[    0.000000] MTRR: Disabled
[    0.000000] x86/PAT: MTRRs disabled, skipping PAT initialization too.
[    0.000000] CPU MTRRs all blank - virtualized system.
[    0.000000] x86/PAT: Configuration [0-7]: WB  WT  UC- UC  WB  WT  UC- UC  
[    0.000000] found SMP MP-table at [mem 0x0009fff0-0x0009ffff]
[    0.000000] Scanning 1 areas for low memory corruption
[    0.000000] RAMDISK: [mem 0x0d3ce000-0x0e68cfff]
[    0.000000] ACPI: Early table checksum verification disabled
[    0.000000] ACPI: RSDP 0x00000000000E0000 000024 (v02 VBOX  )
[    0.000000] ACPI: XSDT 0x000000000F7F0030 00003C (v01 VBOX   VBOXXSDT 00000001 ASL  00000061)
[    0.000000] ACPI: FACP 0x000000000F7F00F0 0000F4 (v04 VBOX   VBOXFACP 00000001 ASL  00000061)
[    0.000000] ACPI: DSDT 0x000000000F7F0470 0022EA (v02 VBOX   VBOXBIOS 00000002 INTL 20100528)
[    0.000000] ACPI: FACS 0x000000000F7F0200 000040
[    0.000000] ACPI: FACS 0x000000000F7F0200 000040
[    0.000000] ACPI: APIC 0x000000000F7F0240 000054 (v02 VBOX   VBOXAPIC 00000001 ASL  00000061)
[    0.000000] ACPI: SSDT 0x000000000F7F02A0 0001CC (v01 VBOX   VBOXCPUT 00000002 INTL 20100528)
[    0.000000] No NUMA configuration found
[    0.000000] Faking a node at [mem 0x0000000000000000-0x000000000f7effff]
[    0.000000] NODE_DATA(0) allocated [mem 0x0f7c5000-0x0f7effff]
[    0.000000] kvm-clock: cpu 0, msr 0:f744001, primary cpu clock
[    0.000000] kvm-clock: Using msrs 4b564d01 and 4b564d00
[    0.000000] kvm-clock: using sched offset of 4447497422 cycles
[    0.000000] clocksource: kvm-clock: mask: 0xffffffffffffffff max_cycles: 0x1cd42e4dffb, max_idle_ns: 881590591483 ns
[    0.000000] Zone ranges:
[    0.000000]   DMA      [mem 0x0000000000001000-0x0000000000ffffff]
[    0.000000]   DMA32    [mem 0x0000000001000000-0x000000000f7effff]
[    0.000000]   Normal   empty
[    0.000000]   Device   empty
[    0.000000] Movable zone start for each node
[    0.000000] Early memory node ranges
[    0.000000]   node   0: [mem 0x0000000000001000-0x000000000009efff]
[    0.000000]   node   0: [mem 0x0000000000100000-0x000000000f7effff]
[    0.000000] Reserved but unavailable: 98 pages
[    0.000000] Initmem setup node 0 [mem 0x0000000000001000-0x000000000f7effff]
[    0.000000] ACPI: PM-Timer IO Port: 0x4008
[    0.000000] IOAPIC[0]: apic_id 1, version 32, address 0xfec00000, GSI 0-23
[    0.000000] ACPI: INT_SRC_OVR (bus 0 bus_irq 0 global_irq 2 dfl dfl)
[    0.000000] ACPI: INT_SRC_OVR (bus 0 bus_irq 9 global_irq 9 low level)
[    0.000000] Using ACPI (MADT) for SMP configuration information
[    0.000000] smpboot: Allowing 1 CPUs, 0 hotplug CPUs
[    0.000000] PM: Registered nosave memory: [mem 0x00000000-0x00000fff]
[    0.000000] PM: Registered nosave memory: [mem 0x0009f000-0x0009ffff]
[    0.000000] PM: Registered nosave memory: [mem 0x000a0000-0x000effff]
[    0.000000] PM: Registered nosave memory: [mem 0x000f0000-0x000fffff]
[    0.000000] e820: [mem 0x0f800000-0xfebfffff] available for PCI devices
[    0.000000] Booting paravirtualized kernel on KVM
[    0.000000] clocksource: refined-jiffies: mask: 0xffffffff max_cycles: 0xffffffff, max_idle_ns: 7645519600211568 ns
[    0.000000] random: get_random_bytes called from start_kernel+0x99/0x4fd with crng_init=0
[    0.000000] setup_percpu: NR_CPUS:8192 nr_cpumask_bits:1 nr_cpu_ids:1 nr_node_ids:1
[    0.000000] percpu: Embedded 45 pages/cpu s147456 r8192 d28672 u2097152
[    0.000000] PV qspinlock hash table entries: 256 (order: 0, 4096 bytes)
[    0.000000] Built 1 zonelists, mobility grouping on.  Total pages: 62361
[    0.000000] Policy zone: DMA32
[    0.000000] Kernel command line: BOOT_IMAGE=/boot/vmlinuz-4.15.0-72-generic root=LABEL=cloudimg-rootfs ro console=tty1 console=ttyS0
[    0.000000] Memory: 201244K/253496K available (12300K kernel code, 2481K rwdata, 4264K rodata, 2428K init, 2388K bss, 52252K reserved, 0K cma-reserved)
[    0.000000] SLUB: HWalign=64, Order=0-3, MinObjects=0, CPUs=1, Nodes=1
[    0.000000] Kernel/User page tables isolation: enabled
[    0.000000] ftrace: allocating 39318 entries in 154 pages
[    0.004000] Hierarchical RCU implementation.
[    0.004000] 	RCU restricting CPUs from NR_CPUS=8192 to nr_cpu_ids=1.
[    0.004000] 	Tasks RCU enabled.
[    0.004000] RCU: Adjusting geometry for rcu_fanout_leaf=16, nr_cpu_ids=1
[    0.004000] NR_IRQS: 524544, nr_irqs: 256, preallocated irqs: 16
[    0.004000] Console: colour VGA+ 80x25
[    0.004000] console [tty1] enabled
[    0.004000] console [ttyS0] enabled
[    0.004000] ACPI: Core revision 20170831
[    0.004000] ACPI: 2 ACPI AML tables successfully acquired and loaded
[    0.004000] APIC: Switch to symmetric I/O mode setup
[    0.004000] x2apic enabled
[    0.004000] Switched APIC routing to physical x2apic.
[    0.004000] ..TIMER: vector=0x30 apic1=0 pin1=2 apic2=-1 pin2=-1
[    0.004005] tsc: Detected 3192.004 MHz processor
[    0.004913] Calibrating delay loop (skipped) preset value.. 6384.00 BogoMIPS (lpj=12768016)
[    0.005576] pid_max: default: 32768 minimum: 301
[    0.008038] Security Framework initialized
[    0.008826] Yama: becoming mindful.
[    0.009574] AppArmor: AppArmor initialized
[    0.010405] Dentry cache hash table entries: 32768 (order: 6, 262144 bytes)
[    0.012023] Inode-cache hash table entries: 16384 (order: 5, 131072 bytes)
[    0.013293] Mount-cache hash table entries: 512 (order: 0, 4096 bytes)
[    0.014455] Mountpoint-cache hash table entries: 512 (order: 0, 4096 bytes)
[    0.016157] process: using mwait in idle threads
[    0.017071] Last level iTLB entries: 4KB 128, 2MB 8, 4MB 8
[    0.018111] Last level dTLB entries: 4KB 64, 2MB 0, 4MB 0, 1GB 4
[    0.019314] Spectre V1 : Mitigation: usercopy/swapgs barriers and __user pointer sanitization
[    0.020003] Spectre V2 : Mitigation: Full generic retpoline
[    0.021002] Spectre V2 : Spectre v2 / SpectreRSB mitigation: Filling RSB on context switch
[    0.022492] Speculative Store Bypass: Vulnerable
[    0.023386] MDS: Vulnerable: Clear CPU buffers attempted, no microcode
[    0.040187] Freeing SMP alternatives memory: 36K
[    0.151932] smpboot: CPU0: Intel(R) Core(TM) i5-6500 CPU @ 3.20GHz (family: 0x6, model: 0x5e, stepping: 0x3)
[    0.152000] Performance Events: unsupported p6 CPU model 94 no PMU driver, software events only.
[    0.152069] Hierarchical SRCU implementation.
[    0.153943] NMI watchdog: Perf event create on CPU 0 failed with -2
[    0.155104] NMI watchdog: Perf NMI watchdog permanently disabled
[    0.156040] smp: Bringing up secondary CPUs ...
[    0.156930] smp: Brought up 1 node, 1 CPU
[    0.157741] smpboot: Max logical packages: 1
[    0.158539] smpboot: Total of 1 processors activated (6384.00 BogoMIPS)
[    0.160113] devtmpfs: initialized
[    0.160893] x86/mm: Memory block size: 128MB
[    0.161898] evm: security.selinux
[    0.162581] evm: security.SMACK64
[    0.163369] evm: security.SMACK64EXEC
[    0.164004] evm: security.SMACK64TRANSMUTE
[    0.165001] evm: security.SMACK64MMAP
[    0.165687] evm: security.apparmor
[    0.166550] evm: security.ima
[    0.167147] evm: security.capability
[    0.168151] clocksource: jiffies: mask: 0xffffffff max_cycles: 0xffffffff, max_idle_ns: 7645041785100000 ns
[    0.170001] futex hash table entries: 256 (order: 2, 16384 bytes)
[    0.171222] pinctrl core: initialized pinctrl subsystem
[    0.172110] RTC time: 20:34:29, date: 01/07/20
[    0.173088] NET: Registered protocol family 16
[    0.174119] audit: initializing netlink subsys (disabled)
[    0.175282] cpuidle: using governor ladder
[    0.176006] cpuidle: using governor menu
[    0.176846] ACPI: bus type PCI registered
[    0.177791] acpiphp: ACPI Hot Plug PCI Controller Driver version: 0.5
[    0.180027] PCI: Using configuration type 1 for base access
[    0.181151] audit: type=2000 audit(1578429275.848:1): state=initialized audit_enabled=0 res=1
[    0.184122] HugeTLB registered 2.00 MiB page size, pre-allocated 0 pages
[    0.185564] ACPI: Added _OSI(Module Device)
[    0.186389] ACPI: Added _OSI(Processor Device)
[    0.187324] ACPI: Added _OSI(3.0 _SCP Extensions)
[    0.188007] ACPI: Added _OSI(Processor Aggregator Device)
[    0.189092] ACPI: Added _OSI(Linux-Dell-Video)
[    0.189951] ACPI: Added _OSI(Linux-Lenovo-NV-HDMI-Audio)
[    0.191013] ACPI: Added _OSI(Linux-HPI-Hybrid-Graphics)
[    0.192394] ACPI: Executed 1 blocks of module-level executable AML code
[    0.199168] ACPI: Interpreter enabled
[    0.199987] ACPI: (supports S0 S5)
[    0.200003] ACPI: Using IOAPIC for interrupt routing
[    0.201470] PCI: Using host bridge windows from ACPI; if necessary, use "pci=nocrs" and report a bug
[    0.204174] ACPI: Enabled 2 GPEs in block 00 to 07
[    0.213277] ACPI: PCI Root Bridge [PCI0] (domain 0000 [bus 00-ff])
[    0.214370] acpi PNP0A03:00: _OSC: OS supports [ASPM ClockPM Segments MSI]
[    0.216072] acpi PNP0A03:00: _OSC: not requesting OS control; OS requires [ExtendedConfig ASPM ClockPM MSI]
[    0.217808] acpi PNP0A03:00: fail to add MMCONFIG information, can't access extended PCI configuration space under this bridge.
[    0.220451] PCI host bridge to bus 0000:00
[    0.221330] pci_bus 0000:00: root bus resource [io  0x0000-0x0cf7 window]
[    0.222676] pci_bus 0000:00: root bus resource [io  0x0d00-0xffff window]
[    0.223973] pci_bus 0000:00: root bus resource [mem 0x000a0000-0x000bffff window]
[    0.224004] pci_bus 0000:00: root bus resource [mem 0x0f800000-0xfdffffff window]
[    0.225593] pci_bus 0000:00: root bus resource [bus 00-ff]
[    0.230569] pci 0000:00:01.1: legacy IDE quirk: reg 0x10: [io  0x01f0-0x01f7]
[    0.232000] pci 0000:00:01.1: legacy IDE quirk: reg 0x14: [io  0x03f6]
[    0.232004] pci 0000:00:01.1: legacy IDE quirk: reg 0x18: [io  0x0170-0x0177]
[    0.233483] pci 0000:00:01.1: legacy IDE quirk: reg 0x1c: [io  0x0376]
[    0.247599] pci 0000:00:07.0: quirk: [io  0x4000-0x403f] claimed by PIIX4 ACPI
[    0.248025] pci 0000:00:07.0: quirk: [io  0x4100-0x410f] claimed by PIIX4 SMB
[    0.256949] ACPI: PCI Interrupt Link [LNKA] (IRQs 5 9 10 *11)
[    0.258458] ACPI: PCI Interrupt Link [LNKB] (IRQs 5 9 *10 11)
[    0.259706] ACPI: PCI Interrupt Link [LNKC] (IRQs 5 *9 10 11)
[    0.260138] ACPI: PCI Interrupt Link [LNKD] (IRQs 5 9 10 *11)
[    0.261591] SCSI subsystem initialized
[    0.262402] pci 0000:00:02.0: vgaarb: setting as boot VGA device
[    0.263500] pci 0000:00:02.0: vgaarb: VGA device added: decodes=io+mem,owns=io+mem,locks=none
[    0.264005] pci 0000:00:02.0: vgaarb: bridge control possible
[    0.265036] vgaarb: loaded
[    0.265619] ACPI: bus type USB registered
[    0.266373] usbcore: registered new interface driver usbfs
[    0.268015] usbcore: registered new interface driver hub
[    0.268986] usbcore: registered new device driver usb
[    0.269976] EDAC MC: Ver: 3.0.0
[    0.270923] PCI: Using ACPI for IRQ routing
[    0.272327] NetLabel: Initializing
[    0.272968] NetLabel:  domain hash size = 128
[    0.273764] NetLabel:  protocols = UNLABELED CIPSOv4 CALIPSO
[    0.274776] NetLabel:  unlabeled traffic allowed by default
[    0.276105] clocksource: Switched to clocksource kvm-clock
[    0.292218] VFS: Disk quotas dquot_6.6.0
[    0.293084] VFS: Dquot-cache hash table entries: 512 (order 0, 4096 bytes)
[    0.294476] AppArmor: AppArmor Filesystem Enabled
[    0.295437] pnp: PnP ACPI init
[    0.297277] pnp: PnP ACPI: found 3 devices
[    0.306695] clocksource: acpi_pm: mask: 0xffffff max_cycles: 0xffffff, max_idle_ns: 2085701024 ns
[    0.308157] NET: Registered protocol family 2
[    0.309414] TCP established hash table entries: 2048 (order: 2, 16384 bytes)
[    0.310731] TCP bind hash table entries: 2048 (order: 3, 32768 bytes)
[    0.311923] TCP: Hash tables configured (established 2048 bind 2048)
[    0.313148] UDP hash table entries: 256 (order: 1, 8192 bytes)
[    0.314248] UDP-Lite hash table entries: 256 (order: 1, 8192 bytes)
[    0.315443] NET: Registered protocol family 1
[    0.316333] pci 0000:00:00.0: Limiting direct PCI/PCI transfers
[    0.317447] pci 0000:00:01.0: Activating ISA DMA hang workarounds
[    0.318593] pci 0000:00:02.0: Video device with shadowed ROM at [mem 0x000c0000-0x000dffff]
[    0.320274] Unpacking initramfs...
[    0.650548] Freeing initrd memory: 19196K
[    0.651535] clocksource: tsc: mask: 0xffffffffffffffff max_cycles: 0x2e02c8c3a19, max_idle_ns: 440795275133 ns
[    0.653550] platform rtc_cmos: registered platform RTC device (no PNP device found)
[    0.655054] Scanning for low memory corruption every 60 seconds
[    0.656862] Initialise system trusted keyrings
[    0.657756] Key type blacklist registered
[    0.658584] workingset: timestamp_bits=36 max_order=16 bucket_order=0
[    0.661059] zbud: loaded
[    0.662181] squashfs: version 4.0 (2009/01/31) Phillip Lougher
[    0.663391] fuse init (API version 7.26)
[    0.664922] Key type asymmetric registered
[    0.665698] Asymmetric key parser 'x509' registered
[    0.666818] Block layer SCSI generic (bsg) driver version 0.4 loaded (major 246)
[    0.668183] io scheduler noop registered
[    0.669094] io scheduler deadline registered
[    0.669953] io scheduler cfq registered (default)
[    0.671093] ACPI: AC Adapter [AC] (on-line)
[    0.671974] input: Power Button as /devices/LNXSYSTM:00/LNXPWRBN:00/input/input0
[    0.673405] ACPI: Power Button [PWRF]
[    0.674211] input: Sleep Button as /devices/LNXSYSTM:00/LNXSLPBN:00/input/input1
[    0.675604] ACPI: Sleep Button [SLPF]
[    0.676644] Serial: 8250/16550 driver, 32 ports, IRQ sharing enabled
[    0.698841] 00:02: ttyS0 at I/O 0x3f8 (irq = 4, base_baud = 115200) is a 16550A
[    0.701958] Linux agpgart interface v0.103
[    0.706850] loop: module loaded
[    0.708044] scsi host0: ata_piix
[    0.708886] scsi host1: ata_piix
[    0.709579] ata1: PATA max UDMA/33 cmd 0x1f0 ctl 0x3f6 bmdma 0xd000 irq 14
[    0.710922] ata2: PATA max UDMA/33 cmd 0x170 ctl 0x376 bmdma 0xd008 irq 15
[    0.712634] libphy: Fixed MDIO Bus: probed
[    0.713410] tun: Universal TUN/TAP device driver, 1.6
[    0.714679] PPP generic driver version 2.4.2
[    0.715586] ehci_hcd: USB 2.0 'Enhanced' Host Controller (EHCI) Driver
[    0.716951] ehci-pci: EHCI PCI platform driver
[    0.717912] ehci-platform: EHCI generic platform driver
[    0.718882] ohci_hcd: USB 1.1 'Open' Host Controller (OHCI) Driver
[    0.720073] ohci-pci: OHCI PCI platform driver
[    0.721027] ohci-platform: OHCI generic platform driver
[    0.722057] uhci_hcd: USB Universal Host Controller Interface driver
[    0.723288] i8042: PNP: PS/2 Controller [PNP0303:PS2K,PNP0f03:PS2M] at 0x60,0x64 irq 1,12
[    0.725452] serio: i8042 KBD port at 0x60,0x64 irq 1
[    0.726505] serio: i8042 AUX port at 0x60,0x64 irq 12
[    0.727592] mousedev: PS/2 mouse device common for all mice
[    0.728920] input: AT Translated Set 2 keyboard as /devices/platform/i8042/serio0/input/input2
[    0.730918] rtc_cmos rtc_cmos: rtc core: registered rtc_cmos as rtc0
[    0.732266] rtc_cmos rtc_cmos: alarms up to one day, 114 bytes nvram
[    0.733486] i2c /dev entries driver
[    0.734421] device-mapper: uevent: version 1.0.3
[    0.735359] device-mapper: ioctl: 4.37.0-ioctl (2017-09-20) initialised: dm-devel@redhat.com
[    0.736913] ledtrig-cpu: registered to indicate activity on CPUs
[    0.738208] intel_pmc_core:  initialized
[    0.739198] NET: Registered protocol family 10
[    0.743027] Segment Routing with IPv6
[    0.743748] NET: Registered protocol family 17
[    0.744695] Key type dns_resolver registered
[    0.745652] mce: Using 0 MCE banks
[    0.746356] RAS: Correctable Errors collector initialized.
[    0.747410] sched_clock: Marking stable (744655095, 0)->(915017055, -170361960)
[    0.748986] registered taskstats version 1
[    0.749887] Loading compiled-in X.509 certificates
[    0.752787] Loaded X.509 cert 'Build time autogenerated kernel key: f4f7241365689b0cbe3898188e65e316fd8f978d'
[    0.754685] zswap: loaded using pool lzo/zbud
[    0.758421] Key type big_key registered
[    0.759231] Key type trusted registered
[    0.761308] Key type encrypted registered
[    0.762116] AppArmor: AppArmor sha1 policy hashing enabled
[    0.763140] ima: No TPM chip found, activating TPM-bypass! (rc=-19)
[    0.764375] ima: Allocated hash algorithm: sha1
[    0.765250] evm: HMAC attrs: 0x1
[    0.766368]   Magic number: 4:645:598
[    0.767159] rtc_cmos rtc_cmos: setting system clock to 2020-01-07 20:34:30 UTC (1578429270)
[    0.768750] BIOS EDD facility v0.16 2004-Jun-25, 0 devices found
[    0.769810] EDD information not available.
[    0.875584] Freeing unused kernel image memory: 2428K
[    0.884401] Write protecting the kernel read-only data: 20480k
[    0.886197] Freeing unused kernel image memory: 2008K
[    0.887448] Freeing unused kernel image memory: 1880K
[    0.897147] x86/mm: Checked W+X mappings: passed, no W+X pages found.
[    0.898342] x86/mm: Checking user space page tables
[    0.908080] x86/mm: Checked W+X mappings: passed, no W+X pages found.
Loading, please wait...
starting version 237
[    1.028041] e1000: Intel(R) PRO/1000 Network Driver - version 7.3.21-k8-NAPI
[    1.029392] e1000: Copyright (c) 1999-2006 Intel Corporation.
[    1.034465] Fusion MPT base driver 3.04.20
[    1.035306] Copyright (c) 1999-2008 LSI Corporation
[    1.047230] Fusion MPT SPI Host driver 3.04.20
[    1.067464] AVX2 version of gcm_enc/dec engaged.
[    1.068472] AES CTR mode by8 optimization enabled
[    1.253553] input: ImExPS/2 Generic Explorer Mouse as /devices/platform/i8042/serio1/input/input4
[    1.457533] e1000 0000:00:03.0 eth0: (PCI:33MHz:32-bit) 02:98:c1:50:7a:e3
[    1.458808] e1000 0000:00:03.0 eth0: Intel(R) PRO/1000 Network Connection
[    1.460924] mptbase: ioc0: Initiating bringup
[    1.557387] ioc0: LSI53C1030 A0: Capabilities={Initiator}
[    1.802442] scsi host2: ioc0: LSI53C1030 A0, FwRev=00000000h, Ports=1, MaxQ=256, IRQ=20
[    1.969363] scsi 2:0:0:0: Direct-Access     VBOX     HARDDISK         1.0  PQ: 0 ANSI: 5
[    1.975254] scsi target2:0:0: Beginning Domain Validation
[    1.978235] scsi target2:0:0: Domain Validation skipping write tests
[    1.979433] scsi target2:0:0: Ending Domain Validation
[    1.980512] scsi target2:0:0: asynchronous
[    1.981424] random: fast init done
[    1.982341] scsi 2:0:1:0: Direct-Access     VBOX     HARDDISK         1.0  PQ: 0 ANSI: 5
[    1.983860] scsi target2:0:1: Beginning Domain Validation
[    1.986060] scsi target2:0:1: Domain Validation skipping write tests
[    1.987350] scsi target2:0:1: Ending Domain Validation
[    1.988476] scsi target2:0:1: asynchronous
[    1.993877] random: systemd-udevd: uninitialized urandom read (16 bytes read)
[    1.995748] random: systemd-udevd: uninitialized urandom read (16 bytes read)
[    1.997918] sd 2:0:0:0: Attached scsi generic sg0 type 0
[    1.999025] random: systemd-udevd: uninitialized urandom read (16 bytes read)
[    2.000649] sd 2:0:0:0: [sda] 20971520 512-byte logical blocks: (10.7 GB/10.0 GiB)
[    2.002224] sd 2:0:0:0: [sda] Write Protect is off
[    2.003473] sd 2:0:0:0: [sda] Incomplete mode parameter data
[    2.004533] sd 2:0:0:0: [sda] Assuming drive cache: write through
[    2.005709] sd 2:0:1:0: Attached scsi generic sg1 type 0
[    2.006824] sd 2:0:1:0: [sdb] 20480 512-byte logical blocks: (10.5 MB/10.0 MiB)
[    2.012657] sd 2:0:1:0: [sdb] Write Protect is off
[    2.013858] sd 2:0:1:0: [sdb] Incomplete mode parameter data
[    2.014911] sd 2:0:1:0: [sdb] Assuming drive cache: write through
[    2.017791]  sda: sda1
[    2.019398] sd 2:0:0:0: [sda] Attached SCSI disk
[    2.045636] sd 2:0:1:0: [sdb] Attached SCSI disk
[    2.389356] e1000 0000:00:08.0 eth1: (PCI:33MHz:32-bit) 08:00:27:68:5d:86
[    2.390578] e1000 0000:00:08.0 eth1: Intel(R) PRO/1000 Network Connection
[    2.393036] e1000 0000:00:08.0 enp0s8: renamed from eth1
[    2.395977] e1000 0000:00:03.0 enp0s3: renamed from eth0
Begin: Loading essential drivers ... [    4.064146] raid6: sse2x1   gen()  8044 MB/s
[    4.112051] raid6: sse2x1   xor()  6335 MB/s
[    4.160030] raid6: sse2x2   gen() 12431 MB/s
[    4.208491] raid6: sse2x2   xor()  8632 MB/s
[    4.256021] raid6: sse2x4   gen() 15174 MB/s
[    4.304316] raid6: sse2x4   xor()  8827 MB/s
[    4.352158] raid6: avx2x1   gen() 20939 MB/s
[    4.400479] raid6: avx2x1   xor() 14542 MB/s
[    4.448323] raid6: avx2x2   gen() 25069 MB/s
[    4.496153] raid6: avx2x2   xor() 14963 MB/s
[    4.544279] raid6: avx2x4   gen() 28496 MB/s
[    4.592358] raid6: avx2x4   xor() 15730 MB/s
[    4.593470] raid6: using algorithm avx2x4 gen() 28496 MB/s
[    4.594616] raid6: .... xor() 15730 MB/s, rmw enabled
[    4.595696] raid6: using avx2x2 recovery algorithm
[    4.598245] xor: automatically using best checksumming function   avx       
[    4.600833] async_tx: api initialized (async)
done.
Begin: Running /scripts/init-premount ... done.
Begin: Mounting root file system ... Begin: Running /scripts/local-top ... done.
Begin: Running /scripts/local-premount ... [    4.661715] Btrfs loaded, crc32c=crc32c-intel
Scanning for Btrfs filesystems
done.
Warning: fsck not present, so skipping root file system
[    4.712855] EXT4-fs (sda1): mounted filesystem with ordered data mode. Opts: (null)
done.
Begin: Running /scripts/local-bottom ... done.
Begin: Running /scripts/init-bottom ... done.
[    5.366370] ip_tables: (C) 2000-2006 Netfilter Core Team
[    5.441711] systemd[1]: systemd 237 running in system mode. (+PAM +AUDIT +SELINUX +IMA +APPARMOR +SMACK +SYSVINIT +UTMP +LIBCRYPTSETUP +GCRYPT +GNUTLS +ACL +XZ +LZ4 +SECCOMP +BLKID +ELFUTILS +KMOD -IDN2 +IDN -PCRE2 default-hierarchy=hybrid)
[    5.448028] systemd[1]: Detected virtualization oracle.
[    5.449654] systemd[1]: Detected architecture x86-64.

Welcome to [1mUbuntu 18.04.3 LTS[0m!

[    5.479815] systemd[1]: Set hostname to <ubuntu>.
[    5.601753] systemd[1]: Initializing machine ID from random generator.
[    5.604908] systemd[1]: Installed transient /etc/machine-id file.
[    6.481917] random: crng init done
[    6.482586] random: 7 urandom warning(s) missed due to ratelimiting
[    7.153799] systemd[1]: Reached target Swap.
[[0;32m  OK  [0m] Reached target Swap.
[    7.155342] systemd[1]: Started Forward Password Requests to Wall Directory Watch.
[[0;32m  OK  [0m] Started Forward Password Requests to Wall Directory Watch.
[    7.158424] systemd[1]: Created slice System Slice.
[[0;32m  OK  [0m] Created slice System Slice.
[    7.160048] systemd[1]: Listening on udev Kernel Socket.
[[0;32m  OK  [0m] Listening on udev Kernel Socket.
[[0;32m  OK  [0m] Created slice system-serial\x2dgetty.slice.
[[0;32m  OK  [0m] Listening on Journal Socket.
         Starting Load Kernel Modules...
         Mounting POSIX Message Queue File System...
         Starting Create list of required st…ce nodes for the current kernel...
         Starting Remount Root and Kernel File Systems...
[[0;32m  OK  [0m] Listening on Device-mapper event daemon FIFOs.
[[0;32m  OK  [0m] Listening on LVM2 poll daemon socket.
         Mounting Huge Pages File System...
[[0;32m  OK  [0m] Listening on udev Control Socket.
[    7.219624] Loading iSCSI transport class v2.0-870.
         Mounting Kernel Debug File System...
[[0;32m  OK  [0m] Listening on /dev/initctl Compatibility Named Pipe.
[    7.227657] iscsi: registered transport (tcp)
         Starting Set the console keyboard layout...
[[0;32m  OK  [0m] Listening on LVM2 metadata daemon socket.
[    7.253806] iscsi: registered transport (iser)
         Starting Monitoring of LVM2 mirrors…ng dmeventd or progress polling...
[[0;32m  OK  [0m] Reached target User and Group Name Lookups.
         Starting udev Coldplug all Devices...
         Starting Uncomplicated firewall...
[[0;32m  OK  [0m] Listening on Journal Audit Socket.
[[0;32m  OK  [0m] Reached target System Time Synchronized.
[[0;32m  OK  [0m] Set up automount Arbitrary Executab…rmats File System Automount Point.
[[0;32m  OK  [0m] Listening on Network Service Netlink Socket.
[[0;32m  OK  [0m] Listening on Syslog Socket.
[[0;32m  OK  [0m] Created slice User and Session Slice.
[    7.465518] EXT4-fs (sda1): re-mounted. Opts: (null)
[[0;32m  OK  [0m] Reached target Slices.
[[0;32m  OK  [0m] Listening on Journal Socket (/dev/log).
         Starting Journal Service...
[[0;32m  OK  [0m] Started Load Kernel Modules.
[[0;32m  OK  [0m] Mounted POSIX Message Queue File System.
[[0;32m  OK  [0m] Started Create list of required sta…vice nodes for the current kernel.
[[0;32m  OK  [0m] Started Remount Root and Kernel File Systems.
[[0;32m  OK  [0m] Mounted Huge Pages File System.
[[0;32m  OK  [0m] Mounted Kernel Debug File System.
[[0;32m  OK  [0m] Started Uncomplicated firewall.
         Starting Load/Save Random Seed...
         Starting Create Static Device Nodes in /dev...
         Starting Apply Kernel Variables...
         Mounting FUSE Control File System...
         Mounting Kernel Configuration File System...
[[0;32m  OK  [0m] Mounted FUSE Control File System.
[[0;32m  OK  [0m] Mounted Kernel Configuration File System.
[[0;32m  OK  [0m] Started LVM2 metadata daemon.
[[0;32m  OK  [0m] Started Load/Save Random Seed.
[[0;32m  OK  [0m] Started udev Coldplug all Devices.
[[0;32m  OK  [0m] Started Create Static Device Nodes in /dev.
         Starting udev Kernel Device Manager...
[[0;32m  OK  [0m] Started Journal Service.
         Starting Flush Journal to Persistent Storage...
[[0;32m  OK  [0m] Started Monitoring of LVM2 mirrors,…sing dmeventd or progress polling.
[[0;32m  OK  [0m] Started udev Kernel Device Manager.
[[0;32m  OK  [0m] Started Apply Kernel Variables.
[[0;32m  OK  [0m] Started Flush Journal to Persistent Storage.
[[0;32m  OK  [0m] Found device /dev/ttyS0.
[[0;32m  OK  [0m] Listening on Load/Save RF Kill Switch Status /dev/rfkill Watch.
[[0;32m  OK  [0m] Started Set the console keyboard layout.
[[0;32m  OK  [0m] Started Dispatch Password Requests to Console Directory Watch.
[[0;32m  OK  [0m] Reached target Local Encrypted Volumes.
[[0;32m  OK  [0m] Reached target Local File Systems (Pre).
[[0;32m  OK  [0m] Reached target Local File Systems.
         Starting Create Volatile Files and Directories...
         Starting Tell Plymouth To Write Out Runtime Data...
         Starting Commit a transient machine-id on disk...
         Starting ebtables ruleset management...
         Starting Set console font and keymap...
         Starting AppArmor initialization...
[[0;32m  OK  [0m] Started Tell Plymouth To Write Out Runtime Data.
[[0;32m  OK  [0m] Started Commit a transient machine-id on disk.
[[0;32m  OK  [0m] Started Set console font and keymap.
[[0;32m  OK  [0m] Started Create Volatile Files and Directories.
         Starting Update UTMP about System Boot/Shutdown...
[[0;32m  OK  [0m] Started Update UTMP about System Boot/Shutdown.
[[0;32m  OK  [0m] Started ebtables ruleset management.
[[0;32m  OK  [0m] Started AppArmor initialization.
         Starting Initial cloud-init job (pre-networking)...
[   16.784945] cloud-init[659]: Cloud-init v. 19.2-36-g059d049c-0ubuntu2~18.04.1 running 'init-local' at Tue, 07 Jan 2020 20:34:45 +0000. Up 15.88 seconds.
[[0;32m  OK  [0m] Started Initial cloud-init job (pre-networking).
[[0;32m  OK  [0m] Reached target Network (Pre).
         Starting Network Service...
[[0;32m  OK  [0m] Started Network Service.
         Starting Network Name Resolution...
         Starting Wait for Network to be Configured...
[[0;32m  OK  [0m] Started Network Name Resolution.
[[0;32m  OK  [0m] Reached target Host and Network Name Lookups.
[[0;32m  OK  [0m] Reached target Network.
[[0;32m  OK  [0m] Started Wait for Network to be Configured.
         Starting Initial cloud-init job (metadata service crawler)...
[   19.867172] cloud-init[787]: Cloud-init v. 19.2-36-g059d049c-0ubuntu2~18.04.1 running 'init' at Tue, 07 Jan 2020 20:34:49 +0000. Up 19.60 seconds.
[   19.868293] cloud-init[787]: ci-info: ++++++++++++++++++++++++++++++++++++++Net device info+++++++++++++++++++++++++++++++++++++++
[   19.880499] cloud-init[787]: ci-info: +--------+-------+----------------------------+---------------+--------+-------------------+
[   19.881768] cloud-init[787]: ci-info: | Device |   Up  |          Address           |      Mask     | Scope  |     Hw-Address    |
[   19.892474] cloud-init[787]: ci-info: +--------+-------+----------------------------+---------------+--------+-------------------+
[   19.902471] cloud-init[787]: ci-info: | enp0s3 |  True |         10.0.2.15          | 255.255.255.0 | global | 02:98:c1:50:7a:e3 |
[   19.916764] cloud-init[787]: ci-info: | enp0s3 |  True | fe80::98:c1ff:fe50:7ae3/64 |       .       |  link  | 02:98:c1:50:7a:e3 |
[   19.927945] cloud-init[787]: ci-info: | enp0s8 | False |             .              |       .       |   .    | 08:00:27:68:5d:86 |
[   19.944452] cloud-init[787]: ci-info: |   lo   |  True |         127.0.0.1          |   255.0.0.0   |  host  |         .         |
[   19.946119] cloud-init[787]: ci-info: |   lo   |  True |          ::1/128           |       .       |  host  |         .         |
[   19.950393] cloud-init[787]: ci-info: +--------+-------+----------------------------+---------------+--------+-------------------+
[   19.960730] cloud-init[787]: ci-info: ++++++++++++++++++++++++++++Route IPv4 info+++++++++++++++++++++++++++++
[   19.964051] cloud-init[787]: ci-info: +-------+-------------+----------+-----------------+-----------+-------+
[   19.966531] cloud-init[787]: ci-info: | Route | Destination | Gateway  |     Genmask     | Interface | Flags |
[   19.972413] cloud-init[787]: ci-info: +-------+-------------+----------+-----------------+-----------+-------+
[   19.984469] cloud-init[787]: ci-info: |   0   |   0.0.0.0   | 10.0.2.2 |     0.0.0.0     |   enp0s3  |   UG  |
[   19.985244] cloud-init[787]: ci-info: |   1   |   10.0.2.0  | 0.0.0.0  |  255.255.255.0  |   enp0s3  |   U   |
[   19.986284] cloud-init[787]: ci-info: |   2   |   10.0.2.2  | 0.0.0.0  | 255.255.255.255 |   enp0s3  |   UH  |
[   19.987315] cloud-init[787]: ci-info: +-------+-------------+----------+-----------------+-----------+-------+
[   19.992184] cloud-init[787]: ci-info: +++++++++++++++++++Route IPv6 info+++++++++++++++++++
[   19.993109] cloud-init[787]: ci-info: +-------+-------------+---------+-----------+-------+
[   19.994899] cloud-init[787]: ci-info: | Route | Destination | Gateway | Interface | Flags |
[   19.996020] cloud-init[787]: ci-info: +-------+-------------+---------+-----------+-------+
[   19.999243] cloud-init[787]: ci-info: |   1   |  fe80::/64  |    ::   |   enp0s3  |   U   |
[   20.002431] cloud-init[787]: ci-info: |   3   |    local    |    ::   |   enp0s3  |   U   |
[   20.012560] cloud-init[787]: ci-info: |   4   |   ff00::/8  |    ::   |   enp0s3  |   U   |
[   20.016520] cloud-init[787]: ci-info: +-------+-------------+---------+-----------+-------+
[   21.794231] cloud-init[787]: Generating public/private rsa key pair.
[   21.795642] cloud-init[787]: Your identification has been saved in /etc/ssh/ssh_host_rsa_key.
[   21.800401] cloud-init[787]: Your public key has been saved in /etc/ssh/ssh_host_rsa_key.pub.
[   21.801534] cloud-init[787]: The key fingerprint is:
[   21.802589] cloud-init[787]: SHA256:6CQzW/Bc7A58Hn0Sp89UxJtkyS+2Zru6+i5LQ54YGzg root@ubuntu-bionic
[   21.808444] cloud-init[787]: The key's randomart image is:
[   21.809498] cloud-init[787]: +---[RSA 2048]----+
[   21.810543] cloud-init[787]: |             o.. |
[   21.812180] cloud-init[787]: |       .     .*  |
[   21.816701] cloud-init[787]: |    .   o . .o.+ |
[   21.818011] cloud-init[787]: |     = = . + .= .|
[   21.819117] cloud-init[787]: |    + E S = o. o |
[   21.824733] cloud-init[787]: |     O * O B  +  |
[   21.825781] cloud-init[787]: |    . . = = oo . |
[   21.836853] cloud-init[787]: |         ...  .  |
[   21.838221] cloud-init[787]: |          o*=o.. |
[   21.839354] cloud-init[787]: +----[SHA256]-----+
[   21.840559] cloud-init[787]: Generating public/private dsa key pair.
[   21.844291] cloud-init[787]: Your identification has been saved in /etc/ssh/ssh_host_dsa_key.
[   21.845001] cloud-init[787]: Your public key has been saved in /etc/ssh/ssh_host_dsa_key.pub.
[   21.846017] cloud-init[787]: The key fingerprint is:
[   21.846925] cloud-init[787]: SHA256:1H4DatwZyN2V+2+zlvl7hw2dHeblPd0LRkUTr5DRZp4 root@ubuntu-bionic
[   21.852242] cloud-init[787]: The key's randomart image is:
[   21.852794] cloud-init[787]: +---[DSA 1024]----+
[   21.853737] cloud-init[787]: |            ..o=.|
[   21.864477] cloud-init[787]: |       . + . +=.o|
[   21.865436] cloud-init[787]: |        + = ++.o.|
[   21.866210] cloud-init[787]: |       o + + oE+.|
[   21.867033] cloud-init[787]: |        S + + ++O|
[   21.868335] cloud-init[787]: |       .   . +.+O|
[   21.872751] cloud-init[787]: |            . .+*|
[   21.873663] cloud-init[787]: |              .**|
[   21.874753] cloud-init[787]: |              .+O|
[   21.876479] cloud-init[787]: +----[SHA256]-----+
[   21.880221] cloud-init[787]: Generating public/private ecdsa key pair.
[   21.881608] cloud-init[787]: Your identification has been saved in /etc/ssh/ssh_host_ecdsa_key.
[   21.883159] cloud-init[787]: Your public key has been saved in /etc/ssh/ssh_host_ecdsa_key.pub.
[   21.888337] cloud-init[787]: The key fingerprint is:
[   21.889273] cloud-init[787]: SHA256:eAy3z8TQqfxYvCySXZ4FdmyDb6XVRaqtVLhs41pOslc root@ubuntu-bionic
[   21.892249] cloud-init[787]: The key's randomart image is:
[   21.893197] cloud-init[787]: +---[ECDSA 256]---+
[   21.896600] cloud-init[787]: |               .o|
[   21.897337] cloud-init[787]: |         . + . o.|
[   21.898304] cloud-init[787]: |      . o * * = .|
[   21.900602] cloud-init[787]: |       * B * X   |
[   21.904644] cloud-init[787]: |      . S * % .  |
[   21.905433] cloud-init[787]: |       + @ O oE  |
[   21.906594] cloud-init[787]: |      o + X =.   |
[   21.907877] [[0;32m  OK  [0m] Started Initial cloud-init job (metadata service crawler).
[[0;32m  OK  [0m] Reached target System Initialization.
[[0;32m  OK  [0m] Started Daily Cleanup of Temporary Directories.
cloud-init[787]: |       . . B.    |
[   21.912743] cloud-init[787]: |          o..    |
[   21.913492] cloud-init[787]: +----[SHA256]-----+
[   21.914116] cloud-init[787]: Generating public/private ed25519 key pair.
[   21.914793] cloud-init[787]: Your identification has been saved in /etc/ssh/ssh_host_ed25519_key.
[   21.915943] [[0;32m  OK  [0m] Started Message of the Day.
cloud-init[787]: Your public key has been saved in /etc/ssh/ssh_host_ed25519_key.pub.
[   21.918539] cloud-init[787]: The key fingerprint is:
[   21.919480] cloud-init[787]: SHA256:YE+7K+FJV70FHpEgtmHZsFFZyosmQqGB5vZQmD5RZuI root@ubuntu-bionic
[   21.925631] cloud-init[787]: The key's randomart image is:         Starting LXD - unix socket.
[[0;32m  OK  [0m] Listening on ACPID Listen Socket.
[[0;32m  OK  [0m] Listening on Open-iSCSI iscsid Socket.
[[0;32m  OK  [0m] Listening on UUID daemon activation socket.

[   21.936858] cloud-init[787]: +--[ED25519 256]--+
[[0;32m  OK  [0m] Started ACPI Events Check.[   21.952304] cloud-init[787]: | o=+.   B=o+oo   |
[   21.953136] cloud-init[787]: |o=++ . o.Bo.+    |
[   21.953993] cloud-init[787]: |+E+ . o + oo o   |
[   21.954916] cloud-init[787]: | * . . + o..o .  |
[   21.955761] cloud-init
[[0;32m  OK  [0m] Reached target Paths.
         Starting Socket activation for snappy daemon.[787]: |. + . . S..  o   |
[   21.967838] cloud-init[787]: |   . .oo..  .    |
[   21.969620] cloud-init[787]: |     o +.        |
[   21.970285] cloud-init[787]: |      +  .       |
[   21.970992] cloud-init[787]: |       ..        |
[   21.971616] cloud-init[787]: +----[SHA256]-----+

[[0;32m  OK  [0m] Listening on D-Bus System Message Bus Socket.
[[0;32m  OK  [0m] Started Discard unused blocks once a week.
[[0;32m  OK  [0m] Started Daily apt download activities.
[[0;32m  OK  [0m] Started Daily apt upgrade and clean activities.
[[0;32m  OK  [0m] Reached target Timers.
[[0;32m  OK  [0m] Reached target Network is Online.
[[0;32m  OK  [0m] Reached target Remote File Systems (Pre).
[[0;32m  OK  [0m] Reached target Remote File Systems.
         Starting Availability of block devices...
[[0;32m  OK  [0m] Reached target Cloud-config availability.
[[0;32m  OK  [0m] Listening on LXD - unix socket.
[[0;32m  OK  [0m] Listening on Socket activation for snappy daemon.
[[0;32m  OK  [0m] Reached target Sockets.
[[0;32m  OK  [0m] Reached target Basic System.
         Starting LXD - container startup/shutdown...
[[0;32m  OK  [0m] Started Deferred execution scheduler.
         Starting LSB: automatic crash report generation...
         Starting Accounts Service...
         Starting LSB: Record successful boot for GRUB...
         Starting Login Service...
         Starting Pollinate to seed the pseudo random number generator...
         Starting Virtualbox guest utils...
[[0;32m  OK  [0m] Started irqbalance daemon.
[[0;32m  OK  [0m] Started Regular background program processing daemon.
[[0;32m  OK  [0m] Started D-Bus System Message Bus.
[[0;32m  OK  [0m] Started Login Service.
[[0;32m  OK  [0m] Started Unattended Upgrades Shutdown.
         Starting Dispatcher daemon for systemd-networkd...
         Starting Permit User Sessions...
         Starting Snappy daemon...
[[0;32m  OK  [0m] Started FUSE filesystem for LXC.
         Starting System Logging Service...
[[0;32m  OK  [0m] Started Availability of block devices.
[[0;32m  OK  [0m] Started Permit User Sessions.
         Starting Hold until boot process finishes up...
         Starting Terminate Plymouth Boot Screen...
         Starting Authorization Manager...
[[0;32m  OK  [0m] Started Hold until boot process finishes up.
[[0;32m  OK  [0m] Started Serial Getty on ttyS0.
         Starting Set console scheme...
[[0;32m  OK  [0m] Started Terminate Plymouth Boot Screen.
[[0;32m  OK  [0m] Started Set console scheme.
[[0;32m  OK  [0m] Created slice system-getty.slice.
[[0;32m  OK  [0m] Started Getty on tty1.
[[0;32m  OK  [0m] Reached target Login Prompts.
[[0;32m  OK  [0m] Started LSB: automatic crash report generation.
[[0;32m  OK  [0m] Started LSB: Record successful boot for GRUB.
[[0;32m  OK  [0m] Started Virtualbox guest utils.
[[0;32m  OK  [0m] Started Authorization Manager.
[[0;32m  OK  [0m] Started Accounts Service.
[[0;32m  OK  [0m] Started System Logging Service.
[[0;32m  OK  [0m] Started Dispatcher daemon for systemd-networkd.
[[0;32m  OK  [0m] Started LXD - container startup/shutdown.
[[0;32m  OK  [0m] Started Snappy daemon.
         Starting Wait until snapd is fully seeded...
[[0;32m  OK  [0m] Started Pollinate to seed the pseudo random number generator.
         Starting OpenBSD Secure Shell server...
[[0;32m  OK  [0m] Started OpenBSD Secure Shell server.
[[0;32m  OK  [0m] Created slice User Slice of vagrant.
         Starting User Manager for UID 1000...
[[0;32m  OK  [0m] Started Session 1 of user vagrant.
[[0;32m  OK  [0m] Started User Manager for UID 1000.

Ubuntu 18.04.3 LTS ubuntu-bionic ttyS0

ubuntu-bionic login: [   54.812928] cloud-init[1411]: Cloud-init v. 19.2-36-g059d049c-0ubuntu2~18.04.1 running 'modules:config' at Tue, 07 Jan 2020 20:35:21 +0000. Up 51.70 seconds.
ci-info: no authorized ssh keys fingerprints found for user ubuntu.
<14>Jan  7 20:35:29 ec2: 
<14>Jan  7 20:35:29 ec2: #############################################################
<14>Jan  7 20:35:29 ec2: -----BEGIN SSH HOST KEY FINGERPRINTS-----
<14>Jan  7 20:35:29 ec2: 1024 SHA256:1H4DatwZyN2V+2+zlvl7hw2dHeblPd0LRkUTr5DRZp4 root@ubuntu-bionic (DSA)
<14>Jan  7 20:35:29 ec2: 256 SHA256:eAy3z8TQqfxYvCySXZ4FdmyDb6XVRaqtVLhs41pOslc root@ubuntu-bionic (ECDSA)
<14>Jan  7 20:35:29 ec2: 256 SHA256:YE+7K+FJV70FHpEgtmHZsFFZyosmQqGB5vZQmD5RZuI root@ubuntu-bionic (ED25519)
<14>Jan  7 20:35:29 ec2: 2048 SHA256:6CQzW/Bc7A58Hn0Sp89UxJtkyS+2Zru6+i5LQ54YGzg root@ubuntu-bionic (RSA)
<14>Jan  7 20:35:29 ec2: -----END SSH HOST KEY FINGERPRINTS-----
<14>Jan  7 20:35:29 ec2: #############################################################
-----BEGIN SSH HOST KEY KEYS-----
ecdsa-sha2-nistp256 AAAAE2VjZHNhLXNoYTItbmlzdHAyNTYAAAAIbmlzdHAyNTYAAABBBCI5k0Etl+gZ347+c/h9JsSpwXuT44sCtNyiKqVXKvaKLF+4Sf6Cj50pF4LFXZer2WjlwBnSSjgnIbURVG4ntJc= root@ubuntu-bionic
ssh-ed25519 AAAAC3NzaC1lZDI1NTE5AAAAIEKBcJx7SPOPYbYxFaeMhv1iUvl+DyHYLhdasNFHvkhE root@ubuntu-bionic
ssh-rsa AAAAB3NzaC1yc2EAAAADAQABAAABAQDCdkP5a9iPkAg+NfXfdtNtzFTPfOSzTtkNSQaDco+r/Xw7v0440lEbQcxlUK+nfALil6XBUoFuLT1VqFQ6eet19qmLvp10FAmBMVwg6q7XAuYznGizqTfDdBtSZlCgtiECZlA7oYl0KvVhVjftFRJ1Zu/zE356Tl7YC0wTywc0x9LtRyL6Oi9H+wKUgFQ3IGVES1+cGX1LkwJFO1PO6k26tJs4RATISU4e0GYgMnnkNSIPA5paoh7vd0lgUqCLW15BxXSrWYOEChSiz1IZQ7KpArpGkyE2BFO9Tyo1exy+xiOjDpdgoTXklrPYI8HpNQsWt53ER8bSzKae9a+WklKf root@ubuntu-bionic
-----END SSH HOST KEY KEYS-----
[   59.721103] cloud-init[1880]: Cloud-init v. 19.2-36-g059d049c-0ubuntu2~18.04.1 running 'modules:final' at Tue, 07 Jan 2020 20:35:29 +0000. Up 59.32 seconds.
[   59.736684] cloud-init[1880]: ci-info: no authorized ssh keys fingerprints found for user ubuntu.
[   59.740495] cloud-init[1880]: Cloud-init v. 19.2-36-g059d049c-0ubuntu2~18.04.1 finished at Tue, 07 Jan 2020 20:35:29 +0000. Datasource DataSourceNoCloud [seed=/dev/sdb][dsmode=net].  Up 59.70 seconds
